<?xml version="1.0" encoding="UTF-8"?>
<testng-results ignored="0" total="1" passed="1" failed="0" skipped="0">
  <reporter-output>
  </reporter-output>
  <suite started-at="2021-12-09T13:42:02 IST" name="Default suite" finished-at="2021-12-09T13:42:02 IST" duration-ms="134">
    <groups>
    </groups>
    <test started-at="2021-12-09T13:42:02 IST" name="Default test" finished-at="2021-12-09T13:42:02 IST" duration-ms="134">
      <class name="Practice.DemoTest">
        <test-method signature="Demo()[pri:0, instance:Practice.DemoTest@1f59a598]" started-at="2021-12-09T13:42:02 IST" name="Demo" finished-at="2021-12-09T13:42:02 IST" duration-ms="25" status="PASS">
          <reporter-output>
          </reporter-output>
        </test-method> <!-- Demo -->
      </class> <!-- Practice.DemoTest -->
    </test> <!-- Default test -->
  </suite> <!-- Default suite -->
</testng-results>
